<?xml version="1.0" encoding="UTF-8"?>
<!-- Generated by org.testng.reporters.JUnitReportReporter -->
<testsuite skipped="0" hostname="DIRAVIDAMANI" name="a1_sampletest.GoogleTest" tests="1" failures="0" timestamp="15 Sep 2022 03:32:12 GMT" time="5.242" errors="0">
  <testcase name="validatebing" time="5.242" classname="a1_sampletest.GoogleTest"/>
</testsuite> <!-- a1_sampletest.GoogleTest -->
